0 info it worked if it ends with ok
1 verbose cli [ '/Users/daniel.potts/.nvm/v0.10.24/bin/node',
1 verbose cli   '/Users/daniel.potts/.nvm/v0.10.24/bin/npm',
1 verbose cli   'install',
1 verbose cli   '-g',
1 verbose cli   'ios-deploy' ]
2 info using npm@1.3.21
3 info using node@v0.10.24
4 verbose cache add [ 'ios-deploy', null ]
5 verbose cache add name=undefined spec="ios-deploy" args=["ios-deploy",null]
6 verbose parsed url { protocol: null,
6 verbose parsed url   slashes: null,
6 verbose parsed url   auth: null,
6 verbose parsed url   host: null,
6 verbose parsed url   port: null,
6 verbose parsed url   hostname: null,
6 verbose parsed url   hash: null,
6 verbose parsed url   search: null,
6 verbose parsed url   query: null,
6 verbose parsed url   pathname: 'ios-deploy',
6 verbose parsed url   path: 'ios-deploy',
6 verbose parsed url   href: 'ios-deploy' }
7 silly lockFile 69149c11-ios-deploy ios-deploy
8 verbose lock ios-deploy /Users/daniel.potts/.npm/69149c11-ios-deploy.lock
9 silly lockFile 69149c11-ios-deploy ios-deploy
10 silly lockFile 69149c11-ios-deploy ios-deploy
11 verbose addNamed [ 'ios-deploy', '' ]
12 verbose addNamed [ null, '*' ]
13 silly lockFile 9c508a6b-ios-deploy ios-deploy@
14 verbose lock ios-deploy@ /Users/daniel.potts/.npm/9c508a6b-ios-deploy.lock
15 silly addNameRange { name: 'ios-deploy', range: '*', hasData: false }
16 verbose url raw ios-deploy
17 verbose url resolving [ 'https://registry.npmjs.org/', './ios-deploy' ]
18 verbose url resolved https://registry.npmjs.org/ios-deploy
19 info trying registry request attempt 1 at 10:15:07
20 http GET https://registry.npmjs.org/ios-deploy
21 http 200 https://registry.npmjs.org/ios-deploy
22 silly registry.get cb [ 200,
22 silly registry.get   { server: 'CouchDB/1.5.0 (Erlang OTP/R16B03)',
22 silly registry.get     etag: '"BEW881I38BM5U9LQ4MJ64XZRQ"',
22 silly registry.get     'content-type': 'application/json',
22 silly registry.get     'cache-control': 'max-age=60',
22 silly registry.get     'content-length': '32570',
22 silly registry.get     'accept-ranges': 'bytes',
22 silly registry.get     date: 'Fri, 04 Dec 2015 10:15:08 GMT',
22 silly registry.get     via: '1.1 varnish',
22 silly registry.get     age: '0',
22 silly registry.get     connection: 'keep-alive',
22 silly registry.get     'x-served-by': 'cache-lhr6328-LHR',
22 silly registry.get     'x-cache': 'MISS',
22 silly registry.get     'x-cache-hits': '0',
22 silly registry.get     'x-timer': 'S1449224108.359878,VS0,VE624',
22 silly registry.get     vary: 'Accept' } ]
23 silly addNameRange number 2 { name: 'ios-deploy', range: '*', hasData: true }
24 silly addNameRange versions [ 'ios-deploy',
24 silly addNameRange   [ '1.0.1',
24 silly addNameRange     '1.0.2',
24 silly addNameRange     '1.0.3',
24 silly addNameRange     '1.0.4',
24 silly addNameRange     '1.0.5',
24 silly addNameRange     '1.0.6',
24 silly addNameRange     '1.0.7',
24 silly addNameRange     '1.0.8',
24 silly addNameRange     '1.0.9',
24 silly addNameRange     '1.1.0',
24 silly addNameRange     '1.2.0',
24 silly addNameRange     '1.3.0',
24 silly addNameRange     '1.3.1',
24 silly addNameRange     '1.3.2',
24 silly addNameRange     '1.4.0',
24 silly addNameRange     '1.5.0',
24 silly addNameRange     '1.6.0',
24 silly addNameRange     '1.6.1',
24 silly addNameRange     '1.6.2',
24 silly addNameRange     '1.6.3',
24 silly addNameRange     '1.7.0',
24 silly addNameRange     '1.8.0',
24 silly addNameRange     '1.8.1',
24 silly addNameRange     '1.8.2',
24 silly addNameRange     '1.8.3' ] ]
25 verbose addNamed [ 'ios-deploy', '1.8.3' ]
26 verbose addNamed [ '1.8.3', '1.8.3' ]
27 silly lockFile 27f84b9c-ios-deploy-1-8-3 ios-deploy@1.8.3
28 verbose lock ios-deploy@1.8.3 /Users/daniel.potts/.npm/27f84b9c-ios-deploy-1-8-3.lock
29 silly lockFile c6606e64--ios-deploy-ios-deploy-1-8-3-tgz https://registry.npmjs.org/ios-deploy/-/ios-deploy-1.8.3.tgz
30 verbose lock https://registry.npmjs.org/ios-deploy/-/ios-deploy-1.8.3.tgz /Users/daniel.potts/.npm/c6606e64--ios-deploy-ios-deploy-1-8-3-tgz.lock
31 verbose addRemoteTarball [ 'https://registry.npmjs.org/ios-deploy/-/ios-deploy-1.8.3.tgz',
31 verbose addRemoteTarball   'a796354132a65d2f57df1075d64b2d2365c857e4' ]
32 info retry fetch attempt 1 at 10:15:08
33 verbose fetch to= /var/folders/_1/lqwb87rx1njdmqlpgfrl89kx86fzjd/T/npm-28691-PweaGdSu/1449224108479-0.4906709522474557/tmp.tgz
34 http GET https://registry.npmjs.org/ios-deploy/-/ios-deploy-1.8.3.tgz
35 http 200 https://registry.npmjs.org/ios-deploy/-/ios-deploy-1.8.3.tgz
36 verbose tar unpack /var/folders/_1/lqwb87rx1njdmqlpgfrl89kx86fzjd/T/npm-28691-PweaGdSu/1449224108479-0.4906709522474557/tmp.tgz
37 silly lockFile 58fa7632-08479-0-4906709522474557-package tar:///var/folders/_1/lqwb87rx1njdmqlpgfrl89kx86fzjd/T/npm-28691-PweaGdSu/1449224108479-0.4906709522474557/package
38 verbose lock tar:///var/folders/_1/lqwb87rx1njdmqlpgfrl89kx86fzjd/T/npm-28691-PweaGdSu/1449224108479-0.4906709522474557/package /Users/daniel.potts/.npm/58fa7632-08479-0-4906709522474557-package.lock
39 silly lockFile c925fc7f-08479-0-4906709522474557-tmp-tgz tar:///var/folders/_1/lqwb87rx1njdmqlpgfrl89kx86fzjd/T/npm-28691-PweaGdSu/1449224108479-0.4906709522474557/tmp.tgz
40 verbose lock tar:///var/folders/_1/lqwb87rx1njdmqlpgfrl89kx86fzjd/T/npm-28691-PweaGdSu/1449224108479-0.4906709522474557/tmp.tgz /Users/daniel.potts/.npm/c925fc7f-08479-0-4906709522474557-tmp-tgz.lock
41 silly gunzTarPerm modes [ '755', '644' ]
42 silly gunzTarPerm extractEntry package.json
43 silly gunzTarPerm extractEntry .npmignore
44 silly gunzTarPerm extractEntry README.md
45 silly gunzTarPerm extractEntry LICENSE
46 silly gunzTarPerm extractEntry CONTRIBUTING.md
47 silly gunzTarPerm extractEntry demo/.npmignore
48 silly gunzTarPerm extractEntry demo/Entitlements.plist
49 silly gunzTarPerm extractEntry demo/Info.plist
50 silly gunzTarPerm extractEntry demo/Makefile
51 silly gunzTarPerm extractEntry demo/ResourceRules.plist
52 silly gunzTarPerm extractEntry demo/demo.c
53 silly gunzTarPerm extractEntry ios-deploy.xcodeproj/project.pbxproj
54 silly gunzTarPerm extractEntry src/check_reqs.js
55 silly gunzTarPerm extractEntry src/MobileDevice.h
56 silly gunzTarPerm extractEntry src/errors.h
57 silly gunzTarPerm extractEntry src/ios-deploy.c
58 silly lockFile 58fa7632-08479-0-4906709522474557-package tar:///var/folders/_1/lqwb87rx1njdmqlpgfrl89kx86fzjd/T/npm-28691-PweaGdSu/1449224108479-0.4906709522474557/package
59 silly lockFile 58fa7632-08479-0-4906709522474557-package tar:///var/folders/_1/lqwb87rx1njdmqlpgfrl89kx86fzjd/T/npm-28691-PweaGdSu/1449224108479-0.4906709522474557/package
60 silly lockFile c925fc7f-08479-0-4906709522474557-tmp-tgz tar:///var/folders/_1/lqwb87rx1njdmqlpgfrl89kx86fzjd/T/npm-28691-PweaGdSu/1449224108479-0.4906709522474557/tmp.tgz
61 silly lockFile c925fc7f-08479-0-4906709522474557-tmp-tgz tar:///var/folders/_1/lqwb87rx1njdmqlpgfrl89kx86fzjd/T/npm-28691-PweaGdSu/1449224108479-0.4906709522474557/tmp.tgz
62 verbose tar pack [ '/Users/daniel.potts/.npm/ios-deploy/1.8.3/package.tgz',
62 verbose tar pack   '/var/folders/_1/lqwb87rx1njdmqlpgfrl89kx86fzjd/T/npm-28691-PweaGdSu/1449224108479-0.4906709522474557/package' ]
63 verbose tarball /Users/daniel.potts/.npm/ios-deploy/1.8.3/package.tgz
64 verbose folder /var/folders/_1/lqwb87rx1njdmqlpgfrl89kx86fzjd/T/npm-28691-PweaGdSu/1449224108479-0.4906709522474557/package
65 silly lockFile 58fa7632-08479-0-4906709522474557-package tar:///var/folders/_1/lqwb87rx1njdmqlpgfrl89kx86fzjd/T/npm-28691-PweaGdSu/1449224108479-0.4906709522474557/package
66 verbose lock tar:///var/folders/_1/lqwb87rx1njdmqlpgfrl89kx86fzjd/T/npm-28691-PweaGdSu/1449224108479-0.4906709522474557/package /Users/daniel.potts/.npm/58fa7632-08479-0-4906709522474557-package.lock
67 silly lockFile 691f5318-npm-ios-deploy-1-8-3-package-tgz tar:///Users/daniel.potts/.npm/ios-deploy/1.8.3/package.tgz
68 verbose lock tar:///Users/daniel.potts/.npm/ios-deploy/1.8.3/package.tgz /Users/daniel.potts/.npm/691f5318-npm-ios-deploy-1-8-3-package-tgz.lock
69 silly lockFile 58fa7632-08479-0-4906709522474557-package tar:///var/folders/_1/lqwb87rx1njdmqlpgfrl89kx86fzjd/T/npm-28691-PweaGdSu/1449224108479-0.4906709522474557/package
70 silly lockFile 58fa7632-08479-0-4906709522474557-package tar:///var/folders/_1/lqwb87rx1njdmqlpgfrl89kx86fzjd/T/npm-28691-PweaGdSu/1449224108479-0.4906709522474557/package
71 silly lockFile 691f5318-npm-ios-deploy-1-8-3-package-tgz tar:///Users/daniel.potts/.npm/ios-deploy/1.8.3/package.tgz
72 silly lockFile 691f5318-npm-ios-deploy-1-8-3-package-tgz tar:///Users/daniel.potts/.npm/ios-deploy/1.8.3/package.tgz
73 silly lockFile 3e0dfd44-tts-npm-ios-deploy-1-8-3-package /Users/daniel.potts/.npm/ios-deploy/1.8.3/package
74 verbose lock /Users/daniel.potts/.npm/ios-deploy/1.8.3/package /Users/daniel.potts/.npm/3e0dfd44-tts-npm-ios-deploy-1-8-3-package.lock
75 silly lockFile 3e0dfd44-tts-npm-ios-deploy-1-8-3-package /Users/daniel.potts/.npm/ios-deploy/1.8.3/package
76 silly lockFile 3e0dfd44-tts-npm-ios-deploy-1-8-3-package /Users/daniel.potts/.npm/ios-deploy/1.8.3/package
77 verbose tar unpack /Users/daniel.potts/.npm/ios-deploy/1.8.3/package.tgz
78 silly lockFile 5061753b-tts-npm-ios-deploy-1-8-3-package tar:///Users/daniel.potts/.npm/ios-deploy/1.8.3/package
79 verbose lock tar:///Users/daniel.potts/.npm/ios-deploy/1.8.3/package /Users/daniel.potts/.npm/5061753b-tts-npm-ios-deploy-1-8-3-package.lock
80 silly lockFile 691f5318-npm-ios-deploy-1-8-3-package-tgz tar:///Users/daniel.potts/.npm/ios-deploy/1.8.3/package.tgz
81 verbose lock tar:///Users/daniel.potts/.npm/ios-deploy/1.8.3/package.tgz /Users/daniel.potts/.npm/691f5318-npm-ios-deploy-1-8-3-package-tgz.lock
82 silly gunzTarPerm modes [ '755', '644' ]
83 silly gunzTarPerm extractEntry package.json
84 silly gunzTarPerm extractEntry .npmignore
85 silly gunzTarPerm extractEntry README.md
86 silly gunzTarPerm extractEntry LICENSE
87 silly gunzTarPerm extractEntry CONTRIBUTING.md
88 silly gunzTarPerm extractEntry demo/.npmignore
89 silly gunzTarPerm extractEntry demo/Entitlements.plist
90 silly gunzTarPerm extractEntry demo/Info.plist
91 silly gunzTarPerm extractEntry demo/Makefile
92 silly gunzTarPerm extractEntry demo/ResourceRules.plist
93 silly gunzTarPerm extractEntry demo/demo.c
94 silly gunzTarPerm extractEntry ios-deploy.xcodeproj/project.pbxproj
95 silly gunzTarPerm extractEntry src/check_reqs.js
96 silly gunzTarPerm extractEntry src/MobileDevice.h
97 silly gunzTarPerm extractEntry src/errors.h
98 silly gunzTarPerm extractEntry src/ios-deploy.c
99 silly lockFile 5061753b-tts-npm-ios-deploy-1-8-3-package tar:///Users/daniel.potts/.npm/ios-deploy/1.8.3/package
100 silly lockFile 5061753b-tts-npm-ios-deploy-1-8-3-package tar:///Users/daniel.potts/.npm/ios-deploy/1.8.3/package
101 silly lockFile 691f5318-npm-ios-deploy-1-8-3-package-tgz tar:///Users/daniel.potts/.npm/ios-deploy/1.8.3/package.tgz
102 silly lockFile 691f5318-npm-ios-deploy-1-8-3-package-tgz tar:///Users/daniel.potts/.npm/ios-deploy/1.8.3/package.tgz
103 verbose chmod /Users/daniel.potts/.npm/ios-deploy/1.8.3/package.tgz 644
104 verbose chown /Users/daniel.potts/.npm/ios-deploy/1.8.3/package.tgz [ 1348959789, 1026679042 ]
105 silly lockFile c6606e64--ios-deploy-ios-deploy-1-8-3-tgz https://registry.npmjs.org/ios-deploy/-/ios-deploy-1.8.3.tgz
106 silly lockFile c6606e64--ios-deploy-ios-deploy-1-8-3-tgz https://registry.npmjs.org/ios-deploy/-/ios-deploy-1.8.3.tgz
107 silly lockFile 27f84b9c-ios-deploy-1-8-3 ios-deploy@1.8.3
108 silly lockFile 27f84b9c-ios-deploy-1-8-3 ios-deploy@1.8.3
109 silly lockFile 9c508a6b-ios-deploy ios-deploy@
110 silly lockFile 9c508a6b-ios-deploy ios-deploy@
111 silly resolved [ { name: 'ios-deploy',
111 silly resolved     version: '1.8.3',
111 silly resolved     os: [ 'darwin' ],
111 silly resolved     description: 'launch iOS apps iOS devices from the command line (Xcode 7)',
111 silly resolved     main: 'ios-deploy',
111 silly resolved     scripts:
111 silly resolved      { preinstall: './src/check_reqs.js && xcodebuild',
111 silly resolved        test: 'npm run jshint',
111 silly resolved        jshint: 'node node_modules/jshint/bin/jshint src' },
111 silly resolved     bin: { 'ios-deploy': './build/Release/ios-deploy' },
111 silly resolved     repository: { type: 'git', url: 'https://github.com/phonegap/ios-deploy' },
111 silly resolved     devDependencies: { jshint: '2.5.8' },
111 silly resolved     keywords: [ 'ios-deploy', 'deploy to iOS device' ],
111 silly resolved     bugs: { url: 'https://github.com/phonegap/ios-deploy/issues' },
111 silly resolved     author: { name: 'Greg Hughes' },
111 silly resolved     license: 'GPLv3',
111 silly resolved     readme: 'ios-deploy\n==========\nInstall and debug iOS apps without using Xcode. Designed to work on un-jailbroken devices.\n\n## Requirements\n\n* Mac OS X. Tested on 10.11 El Capitan and iOS 9.0\n* You need to have a valid iOS Development certificate installed.\n* Xcode 6.4 or greater should be installed\n\n## Roadmap\n\nSee our [milestones](https://github.com/phonegap/ios-deploy/milestones).\n\nSignificant changes: \n\n    1.8.0 will use an Xcode project instead of a Makefile (to prepare for 2.0.0)\n    2.0.0 will break out the commands into their own files, and create ios-deploy-lib for node.js use\n\n## Installation\n=======\n\nios-deploy installation is made simple using the node.js package manager.  If you use [Homebrew](http://brew.sh/), install [node.js](https://nodejs.org):\n\n```\nbrew install node\n```\n\nNow install ios-deploy with the [node.js](https://nodejs.org) package manager:\n\n```\nnpm install -g ios-deploy\n```\n\nTo build from source:\n\n```\nxcodebuild\n```\n\nThis will build `ios-deploy` into the `build/Release` folder.\n\n\n### OS X 10.11 El Capitan\n\nIf you are *not* using a node version manager like [nvm](https://github.com/creationix/nvm) or [n](https://github.com/tj/n), you may have to do either of these two things below when under El Capitan:\n\n1. Add the `--unsafe-perm` flag  when installing ios-deploy\n2. Ensure the `nobody` user has write access to `/usr/local/lib/node_modules/ios-deploy/ios-deploy`\n\n## Usage\n\n    Usage: ios-deploy [OPTION]...\n        -d, --debug                  launch the app in lldb after installation\n        -i, --id <device_id>         the id of the device to connect to\n        -c, --detect                 only detect if the device is connected\n        -b, --bundle <bundle.app>    the path to the app bundle to be installed\n        -a, --args <args>            command line arguments to pass to the app when launching it\n        -t, --timeout <timeout>      number of seconds to wait for a device to be connected\n        -u, --unbuffered             don\'t buffer stdout\n        -n, --nostart                do not start the app when debugging\n        -I, --noninteractive         start in non interactive mode (quit when app crashes or exits)\n        -L, --justlaunch             just launch the app and exit lldb\n        -v, --verbose                enable verbose output\n        -m, --noinstall              directly start debugging without app install (-d not required)\n        -p, --port <number>          port used for device, default: dynamic\n        -r, --uninstall              uninstall the app before install (do not use with -m; app cache and data are cleared) \n        -9, --uninstall_only         uninstall the app ONLY. Use only with -1 <bundle_id> \n        -1, --bundle_id <bundle id>  specify bundle id for list and upload\n        -l, --list                   list files\n        -o, --upload <file>          upload file\n        -w, --download               download app tree\n        -2, --to <target pathname>   use together with up/download file/tree. specify target\n        -D, --mkdir <dir>            make directory on device\n        -R, --rm <path>              remove file or directory on device (directories must be empty)\n        -V, --version                print the executable version \n        -e, --exists                 check if the app with given bundle_id is installed or not \n        -B, --list_bundle_id         list bundle_id \n        -W, --no-wifi                ignore wifi devices\n\n## Examples\n\nThe commands below assume that you have an app called `my.app` with bundle id `bundle.id`. Substitute where necessary.\n\n    // deploy and debug your app to a connected device\n    ios-deploy --debug --bundle my.app\n\n    // deploy and debug your app to a connected device, skipping any wi-fi connection (use USB)\n    ios-deploy --debug --bundle my.app --no-wifi\n\n    // deploy and launch your app to a connected device, but quit the debugger after\n    ios-deploy --justlaunch --debug --bundle my.app\n\n    // deploy and launch your app to a connected device, quit when app crashes or exits\n    ios-deploy --noninteractive --debug --bundle my.app\n\n    // Upload a file to your app\'s Documents folder\n    ios-deploy --bundle_id \'bundle.id\' --upload test.txt --to Documents/test.txt\n\n    // Download your app\'s Documents, Library and tmp folders\n    ios-deploy --bundle_id \'bundle.id\' --download --to MyDestinationFolder\n\n    // List the contents of your app\'s Documents, Library and tmp folders\n    ios-deploy --bundle_id \'bundle.id\' --list\n\n    // deploy and debug your app to a connected device, uninstall the app first\n    ios-deploy --uninstall --debug --bundle my.app\n\n    // check whether an app by bundle id exists on the device (check return code `echo $?`)\n    ios-deploy --exists --bundle_id com.apple.mobilemail\n\n    // Download the Documents directory of the app *only*\n    ios-deploy --download=/Documents --bundle_id my.app.id --to ./my_download_location\n    \n    // List ids and names of connected devices\n    ios-deploy -c\n    \n    // Uninstall an app\n    ios-deploy --uninstall_only --bundle_id my.bundle.id\n    \n    // list all bundle ids of all apps on your device\n    ios-deploy --list_bundle_id\n\n## Demo\n\nThe included demo.app represents the minimum required to get code running on iOS.\n\n* `make demo.app` will generate the demo.app executable. If it doesn\'t compile, modify `IOS_SDK_VERSION` in the Makefile.\n* `make debug` will install demo.app and launch a LLDB session.\n\n## Notes\n\n* With some modifications, it may be possible to use this without Xcode installed; however, you would need a copy of the relevant DeveloperDiskImage.dmg (included with Xcode). lldb would also run slower as symbols would be downloaded from the device on-the-fly.\n',
111 silly resolved     readmeFilename: 'README.md',
111 silly resolved     homepage: 'https://github.com/phonegap/ios-deploy',
111 silly resolved     _id: 'ios-deploy@1.8.3',
111 silly resolved     dist: { shasum: 'eaabf1a84b33986a3c1c2031186fa0753abf6b97' },
111 silly resolved     _from: 'ios-deploy@',
111 silly resolved     _resolved: 'https://registry.npmjs.org/ios-deploy/-/ios-deploy-1.8.3.tgz' } ]
112 info install ios-deploy@1.8.3 into /Users/daniel.potts/.nvm/v0.10.24/lib
113 info installOne ios-deploy@1.8.3
114 info /Users/daniel.potts/.nvm/v0.10.24/lib/node_modules/ios-deploy unbuild
115 verbose tar unpack /Users/daniel.potts/.npm/ios-deploy/1.8.3/package.tgz
116 silly lockFile 83e5a9c1-0-24-lib-node-modules-ios-deploy tar:///Users/daniel.potts/.nvm/v0.10.24/lib/node_modules/ios-deploy
117 verbose lock tar:///Users/daniel.potts/.nvm/v0.10.24/lib/node_modules/ios-deploy /Users/daniel.potts/.npm/83e5a9c1-0-24-lib-node-modules-ios-deploy.lock
118 silly lockFile 691f5318-npm-ios-deploy-1-8-3-package-tgz tar:///Users/daniel.potts/.npm/ios-deploy/1.8.3/package.tgz
119 verbose lock tar:///Users/daniel.potts/.npm/ios-deploy/1.8.3/package.tgz /Users/daniel.potts/.npm/691f5318-npm-ios-deploy-1-8-3-package-tgz.lock
120 silly gunzTarPerm modes [ '755', '644' ]
121 silly gunzTarPerm extractEntry package.json
122 silly gunzTarPerm extractEntry .npmignore
123 silly gunzTarPerm extractEntry README.md
124 silly gunzTarPerm extractEntry LICENSE
125 silly gunzTarPerm extractEntry CONTRIBUTING.md
126 silly gunzTarPerm extractEntry demo/.npmignore
127 silly gunzTarPerm extractEntry demo/Entitlements.plist
128 silly gunzTarPerm extractEntry demo/Info.plist
129 silly gunzTarPerm extractEntry demo/Makefile
130 silly gunzTarPerm extractEntry demo/ResourceRules.plist
131 silly gunzTarPerm extractEntry demo/demo.c
132 silly gunzTarPerm extractEntry ios-deploy.xcodeproj/project.pbxproj
133 silly gunzTarPerm extractEntry src/check_reqs.js
134 silly gunzTarPerm extractEntry src/MobileDevice.h
135 silly gunzTarPerm extractEntry src/errors.h
136 silly gunzTarPerm extractEntry src/ios-deploy.c
137 silly lockFile 83e5a9c1-0-24-lib-node-modules-ios-deploy tar:///Users/daniel.potts/.nvm/v0.10.24/lib/node_modules/ios-deploy
138 silly lockFile 83e5a9c1-0-24-lib-node-modules-ios-deploy tar:///Users/daniel.potts/.nvm/v0.10.24/lib/node_modules/ios-deploy
139 silly lockFile 691f5318-npm-ios-deploy-1-8-3-package-tgz tar:///Users/daniel.potts/.npm/ios-deploy/1.8.3/package.tgz
140 silly lockFile 691f5318-npm-ios-deploy-1-8-3-package-tgz tar:///Users/daniel.potts/.npm/ios-deploy/1.8.3/package.tgz
141 info preinstall ios-deploy@1.8.3
142 verbose unsafe-perm in lifecycle true
143 info ios-deploy@1.8.3 Failed to exec preinstall script
144 info /Users/daniel.potts/.nvm/v0.10.24/lib/node_modules/ios-deploy unbuild
145 info preuninstall ios-deploy@1.8.3
146 info uninstall ios-deploy@1.8.3
147 verbose true,/Users/daniel.potts/.nvm/v0.10.24/lib/node_modules,/Users/daniel.potts/.nvm/v0.10.24/lib/node_modules unbuild ios-deploy@1.8.3
148 verbose /Users/daniel.potts/.nvm/v0.10.24/bin,[object Object] binRoot
149 info postuninstall ios-deploy@1.8.3
150 error ios-deploy@1.8.3 preinstall: `./src/check_reqs.js && xcodebuild`
150 error Exit status 69
151 error Failed at the ios-deploy@1.8.3 preinstall script.
151 error This is most likely a problem with the ios-deploy package,
151 error not with npm itself.
151 error Tell the author that this fails on your system:
151 error     ./src/check_reqs.js && xcodebuild
151 error You can get their info via:
151 error     npm owner ls ios-deploy
151 error There is likely additional logging output above.
152 error System Darwin 14.5.0
153 error command "/Users/daniel.potts/.nvm/v0.10.24/bin/node" "/Users/daniel.potts/.nvm/v0.10.24/bin/npm" "install" "-g" "ios-deploy"
154 error cwd /Users/daniel.potts/Desktop/bingo-test-ionic
155 error node -v v0.10.24
156 error npm -v 1.3.21
157 error code ELIFECYCLE
158 verbose exit [ 1, true ]
